#
# There is insufficient memory for the Java Runtime Environment to continue.
# Native memory allocation (mmap) failed to map 266338304 bytes for G1 virtual space
# Possible reasons:
#   The system is out of physical RAM or swap space
#   The process is running with CompressedOops enabled, and the Java Heap may be blocking the growth of the native heap
# Possible solutions:
#   Reduce memory load on the system
#   Increase physical memory or swap space
#   Check if swap backing store is full
#   Decrease Java heap size (-Xmx/-Xms)
#   Decrease number of Java threads
#   Decrease Java thread stack sizes (-Xss)
#   Set larger code cache with -XX:ReservedCodeCacheSize=
#   JVM is running with Zero Based Compressed Oops mode in which the Java heap is
#     placed in the first 32GB address space. The Java Heap base address is the
#     maximum limit for the native heap growth. Please use -XX:HeapBaseMinAddress
#     to set the Java Heap base and to place the Java Heap above 32GB virtual address.
# This output file may be truncated or incomplete.
#
#  Out of Memory Error (os_windows.cpp:3548), pid=13284, tid=17804
#
# JRE version:  (17.0.12+8) (build )
# Java VM: Java HotSpot(TM) 64-Bit Server VM (17.0.12+8-LTS-286, mixed mode, sharing, tiered, compressed oops, compressed class ptrs, g1 gc, windows-amd64)
# No core dump will be written. Minidumps are not enabled by default on client versions of Windows
#

---------------  S U M M A R Y ------------

Command Line: -ea -Didea.test.cyclic.buffer.size=1048576 -javaagent:C:\Users\dell\AppData\Local\Programs\IntelliJ IDEA Community Edition\lib\idea_rt.jar=58617 -javaagent:C:\Users\dell\AppData\Local\JetBrains\IdeaIC2024.3\captureAgent\debugger-agent.jar -Dkotlinx.coroutines.debug.enable.creation.stack.trace=false -Ddebugger.agent.enable.coroutines=true -Dkotlinx.coroutines.debug.enable.flows.stack.trace=true -Dkotlinx.coroutines.debug.enable.mutable.state.flows.stack.trace=true -Dfile.encoding=UTF-8 com.intellij.rt.testng.RemoteTestNGStarter -usedefaultlisteners false -socket58616 @w@C:\Users\dell\AppData\Local\Temp\idea_working_dirs_testng.tmp -temp C:\Users\dell\AppData\Local\Temp\idea_testng.tmp

Host: Intel(R) Core(TM) i7-10750H CPU @ 2.60GHz, 12 cores, 15G,  Windows 10 , 64 bit Build 19041 (10.0.19041.5678)
Time: Sun Mar 30 00:38:26 2025 Egypt Standard Time elapsed time: 0.013726 seconds (0d 0h 0m 0s)

---------------  T H R E A D  ---------------

Current thread (0x000002a43b7b5590):  JavaThread "Unknown thread" [_thread_in_vm, id=17804, stack(0x000000f480100000,0x000000f480200000)]

Stack: [0x000000f480100000,0x000000f480200000]
Native frames: (J=compiled Java code, j=interpreted, Vv=VM code, C=native code)
V  [jvm.dll+0x67a04a]
V  [jvm.dll+0x7da4ed]
V  [jvm.dll+0x7dbe33]
V  [jvm.dll+0x7dc4a3]
V  [jvm.dll+0x24508f]
V  [jvm.dll+0x677089]
V  [jvm.dll+0x66bd32]
V  [jvm.dll+0x301fa6]
V  [jvm.dll+0x309546]
V  [jvm.dll+0x359d2e]
V  [jvm.dll+0x359f5f]
V  [jvm.dll+0x2d9078]
V  [jvm.dll+0x2d9fe4]
V  [jvm.dll+0x7aca21]
V  [jvm.dll+0x367591]
V  [jvm.dll+0x78b999]
V  [jvm.dll+0x3ec83f]
V  [jvm.dll+0x3ee471]
C  [jli.dll+0x5297]
C  [ucrtbase.dll+0x21bb2]
C  [KERNEL32.DLL+0x17374]
C  [ntdll.dll+0x4cc91]


---------------  P R O C E S S  ---------------

Threads class SMR info:
_java_thread_list=0x00007ffb64217a18, length=0, elements={
}

Java Threads: ( => current thread )

Other Threads:
  0x000002a43b824400 GCTaskThread "GC Thread#0" [stack: 0x000000f480200000,0x000000f480300000] [id=22972]
  0x000002a43b834e30 ConcurrentGCThread "G1 Main Marker" [stack: 0x000000f480300000,0x000000f480400000] [id=736]
  0x000002a43b835df0 ConcurrentGCThread "G1 Conc#0" [stack: 0x000000f480400000,0x000000f480500000] [id=22076]

[error occurred during error reporting (printing all threads), id 0xc0000005, EXCEPTION_ACCESS_VIOLATION (0xc0000005) at pc=0x00007ffb63a49b67]

VM state: not at safepoint (not fully initialized)

VM Mutex/Monitor currently owned by a thread:  ([mutex/lock_event])
[0x000002a43b7b0910] Heap_lock - owner thread: 0x000002a43b7b5590

Heap address: 0x0000000703200000, size: 4046 MB, Compressed Oops mode: Zero based, Oop shift amount: 3

CDS archive(s) mapped at: [0x0000000000000000-0x0000000000000000-0x0000000000000000), size 0, SharedBaseAddress: 0x0000000800000000, ArchiveRelocationMode: 1.
Narrow klass base: 0x0000000000000000, Narrow klass shift: 0, Narrow klass range: 0x0

GC Precious Log:
<Empty>

Heap:
 garbage-first heap   total 0K, used 0K [0x0000000703200000, 0x0000000800000000)
  region size 2048K, 0 young (0K), 0 survivors (0K)

[error occurred during error reporting (printing heap information), id 0xc0000005, EXCEPTION_ACCESS_VIOLATION (0xc0000005) at pc=0x00007ffb63e33859]

GC Heap History (0 events):
No events

Deoptimization events (0 events):
No events

Classes unloaded (0 events):
No events

Classes redefined (0 events):
No events

Internal exceptions (0 events):
No events

VM Operations (0 events):
No events

Events (2 events):
Event: 0.009 Loaded shared library C:\Program Files\Java\jdk-17\bin\java.dll
Event: 0.011 Loaded shared library C:\Program Files\Java\jdk-17\bin\zip.dll


Dynamic libraries:
0x00007ff670500000 - 0x00007ff670510000 	C:\Program Files\Java\jdk-17\bin\java.exe
0x00007ffbaec90000 - 0x00007ffbaee88000 	C:\Windows\SYSTEM32\ntdll.dll
0x00007ffbad320000 - 0x00007ffbad3e2000 	C:\Windows\System32\KERNEL32.DLL
0x00007ffbac310000 - 0x00007ffbac606000 	C:\Windows\System32\KERNELBASE.dll
0x00007ffbac970000 - 0x00007ffbaca70000 	C:\Windows\System32\ucrtbase.dll
0x00007ffba80a0000 - 0x00007ffba80bb000 	C:\Program Files\Java\jdk-17\bin\VCRUNTIME140.dll
0x00007ffba8160000 - 0x00007ffba8179000 	C:\Program Files\Java\jdk-17\bin\jli.dll
0x00007ffbad8c0000 - 0x00007ffbad971000 	C:\Windows\System32\ADVAPI32.dll
0x00007ffbacca0000 - 0x00007ffbacd3e000 	C:\Windows\System32\msvcrt.dll
0x00007ffbad0a0000 - 0x00007ffbad13f000 	C:\Windows\System32\sechost.dll
0x00007ffbace90000 - 0x00007ffbacfb3000 	C:\Windows\System32\RPCRT4.dll
0x00007ffbac770000 - 0x00007ffbac797000 	C:\Windows\System32\bcrypt.dll
0x00007ffbae4e0000 - 0x00007ffbae67d000 	C:\Windows\System32\USER32.dll
0x00007ffbacb50000 - 0x00007ffbacb72000 	C:\Windows\System32\win32u.dll
0x00007ffbae200000 - 0x00007ffbae22b000 	C:\Windows\System32\GDI32.dll
0x00007ffb8b430000 - 0x00007ffb8b6ca000 	C:\Windows\WinSxS\amd64_microsoft.windows.common-controls_6595b64144ccf1df_6.0.19041.4355_none_60b8b9eb71f62e16\COMCTL32.dll
0x00007ffbacb80000 - 0x00007ffbacc9a000 	C:\Windows\System32\gdi32full.dll
0x00007ffbac7a0000 - 0x00007ffbac83d000 	C:\Windows\System32\msvcp_win.dll
0x00007ffba2330000 - 0x00007ffba233a000 	C:\Windows\SYSTEM32\VERSION.dll
0x00007ffbad140000 - 0x00007ffbad16f000 	C:\Windows\System32\IMM32.DLL
0x00007ffba81e0000 - 0x00007ffba81ec000 	C:\Program Files\Java\jdk-17\bin\vcruntime140_1.dll
0x00007ffb81210000 - 0x00007ffb8129e000 	C:\Program Files\Java\jdk-17\bin\msvcp140.dll
0x00007ffb63760000 - 0x00007ffb64340000 	C:\Program Files\Java\jdk-17\bin\server\jvm.dll
0x00007ffbaeb00000 - 0x00007ffbaeb08000 	C:\Windows\System32\PSAPI.DLL
0x00007ffb9c3b0000 - 0x00007ffb9c3d7000 	C:\Windows\SYSTEM32\WINMM.dll
0x00007ffb86550000 - 0x00007ffb86559000 	C:\Windows\SYSTEM32\WSOCK32.dll
0x00007ffbae230000 - 0x00007ffbae29b000 	C:\Windows\System32\WS2_32.dll
0x00007ffbaa1c0000 - 0x00007ffbaa1d2000 	C:\Windows\SYSTEM32\kernel.appcore.dll
0x00007ffba81b0000 - 0x00007ffba81ba000 	C:\Program Files\Java\jdk-17\bin\jimage.dll
0x00007ffba9ec0000 - 0x00007ffbaa0a4000 	C:\Windows\SYSTEM32\DBGHELP.DLL
0x00007ffb8e5d0000 - 0x00007ffb8e604000 	C:\Windows\SYSTEM32\dbgcore.DLL
0x00007ffbaca70000 - 0x00007ffbacaf2000 	C:\Windows\System32\bcryptPrimitives.dll
0x00007ffba8190000 - 0x00007ffba819e000 	C:\Program Files\Java\jdk-17\bin\instrument.dll
0x00007ffba4ee0000 - 0x00007ffba4f05000 	C:\Program Files\Java\jdk-17\bin\java.dll
0x00007ffba54b0000 - 0x00007ffba54c8000 	C:\Program Files\Java\jdk-17\bin\zip.dll

dbghelp: loaded successfully - version: 4.0.5 - missing functions: none
symbol engine: initialized successfully - sym options: 0x614 - pdb path: .;C:\Program Files\Java\jdk-17\bin;C:\Windows\SYSTEM32;C:\Windows\WinSxS\amd64_microsoft.windows.common-controls_6595b64144ccf1df_6.0.19041.4355_none_60b8b9eb71f62e16;C:\Program Files\Java\jdk-17\bin\server

VM Arguments:
jvm_args: -ea -Didea.test.cyclic.buffer.size=1048576 -javaagent:C:\Users\dell\AppData\Local\Programs\IntelliJ IDEA Community Edition\lib\idea_rt.jar=58617 -javaagent:C:\Users\dell\AppData\Local\JetBrains\IdeaIC2024.3\captureAgent\debugger-agent.jar -Dkotlinx.coroutines.debug.enable.creation.stack.trace=false -Ddebugger.agent.enable.coroutines=true -Dkotlinx.coroutines.debug.enable.flows.stack.trace=true -Dkotlinx.coroutines.debug.enable.mutable.state.flows.stack.trace=true -Dfile.encoding=UTF-8 
java_command: com.intellij.rt.testng.RemoteTestNGStarter -usedefaultlisteners false -socket58616 @w@C:\Users\dell\AppData\Local\Temp\idea_working_dirs_testng.tmp -temp C:\Users\dell\AppData\Local\Temp\idea_testng.tmp
java_class_path (initial): C:\Users\dell\AppData\Local\Programs\IntelliJ IDEA Community Edition\lib\idea_rt.jar;C:\Users\dell\AppData\Local\Programs\IntelliJ IDEA Community Edition\plugins\testng\lib\testng-rt.jar;C:\Users\dell\Downloads\SeleniumFrameworkDesign\E2E\target\test-classes;C:\Users\dell\Downloads\SeleniumFrameworkDesign\E2E\target\classes;C:\Users\dell\.m2\repository\org\seleniumhq\selenium\selenium-java\4.29.0\selenium-java-4.29.0.jar;C:\Users\dell\.m2\repository\org\seleniumhq\selenium\selenium-api\4.29.0\selenium-api-4.29.0.jar;C:\Users\dell\.m2\repository\org\jspecify\jspecify\1.0.0\jspecify-1.0.0.jar;C:\Users\dell\.m2\repository\org\seleniumhq\selenium\selenium-chrome-driver\4.29.0\selenium-chrome-driver-4.29.0.jar;C:\Users\dell\.m2\repository\com\google\auto\service\auto-service-annotations\1.1.1\auto-service-annotations-1.1.1.jar;C:\Users\dell\.m2\repository\org\seleniumhq\selenium\selenium-chromium-driver\4.29.0\selenium-chromium-driver-4.29.0.jar;C:\Users\dell\.m2\repository\org\seleniumhq\selenium\selenium-json\4.29.0\selenium-json-4.29.0.jar;C:\Users\dell\.m2\repository\org\seleniumhq\selenium\selenium-manager\4.29.0\selenium-manager-4.29.0.jar;C:\Users\dell\.m2\repository\org\seleniumhq\selenium\selenium-devtools-v131\4.29.0\selenium-devtools-v131-4.29.0.jar;C:\Users\dell\.m2\repository\org\seleniumhq\selenium\selenium-devtools-v132\4.29.0\selenium-devtools-v132-4.29.0.jar;C:\Users\dell\.m2\repository\org\seleniumhq\selenium\selenium-devtools-v133\4.29.0\selenium-devtools-v133-4.29.0.jar;C:\Users\dell\.m2\repository\org\seleniumhq\selenium\selenium-devtools-v85\4.29.0\selenium-devtools-v85-4.29.0.jar;C:\Users\dell\.m2\repository\org\seleniumhq\selenium\selenium-edge-driver\4.29.0\selenium-edge-driver-4.29.0.jar;C:\Users\dell\.m2\repository\org\seleniumhq\selenium\selenium-firefox-driver\4.29.0\selenium-firefox-driver-4.29.0.jar;C:\Users\dell\.m2\repository\org\seleniumhq\selenium\selenium-http\4.29.0\selenium-http-4.29.0.jar;C:\Users\dell\.
Launcher Type: SUN_STANDARD

[Global flags]
     intx CICompilerCount                          = 4                                         {product} {ergonomic}
     uint ConcGCThreads                            = 3                                         {product} {ergonomic}
     uint G1ConcRefinementThreads                  = 10                                        {product} {ergonomic}
   size_t G1HeapRegionSize                         = 2097152                                   {product} {ergonomic}
    uintx GCDrainStackTargetSize                   = 64                                        {product} {ergonomic}
   size_t InitialHeapSize                          = 266338304                                 {product} {ergonomic}
   size_t MarkStackSize                            = 4194304                                   {product} {ergonomic}
   size_t MaxHeapSize                              = 4242538496                                {product} {ergonomic}
   size_t MinHeapDeltaBytes                        = 2097152                                   {product} {ergonomic}
   size_t MinHeapSize                              = 8388608                                   {product} {ergonomic}
    uintx NonNMethodCodeHeapSize                   = 5839372                                {pd product} {ergonomic}
    uintx NonProfiledCodeHeapSize                  = 122909434                              {pd product} {ergonomic}
    uintx ProfiledCodeHeapSize                     = 122909434                              {pd product} {ergonomic}
    uintx ReservedCodeCacheSize                    = 251658240                              {pd product} {ergonomic}
     bool SegmentedCodeCache                       = true                                      {product} {ergonomic}
   size_t SoftMaxHeapSize                          = 4242538496                             {manageable} {ergonomic}
     bool UseCompressedClassPointers               = true                           {product lp64_product} {ergonomic}
     bool UseCompressedOops                        = true                           {product lp64_product} {ergonomic}
     bool UseG1GC                                  = true                                      {product} {ergonomic}
     bool UseLargePagesIndividualAllocation        = false                                  {pd product} {ergonomic}

Logging:
Log output configuration:
 #0: stdout all=warning uptime,level,tags
 #1: stderr all=off uptime,level,tags

Environment Variables:
JAVA_HOME=C:\Program Files\Java\jdk-17
PATH=C:\Program Files\Common Files\Oracle\Java\javapath;C:\Windows\system32;C:\Windows;C:\Windows\System32\Wbem;C:\Windows\System32\WindowsPowerShell\v1.0\;C:\Windows\System32\OpenSSH\;C:\Program Files (x86)\NVIDIA Corporation\PhysX\Common;C:\Program Files\NVIDIA Corporation\NVIDIA NvDLISR;C:\Program Files\Microchip\xc8\v2.32\bin;C:\Program Files\Microchip\xc8\v2.31\bin;D:\AVR\02-Tools\05-ToolChains\mingw64\bin;C:\Aldec\Active-HDL 10.1 64-bit\bin;C:\Aldec\Active-HDL 10.1 64-bit_2\bin;c:\Program Files (x86)\Vector CANdb++ 3.1\Exec32;C:\Program Files\Git\cmd;C:\Program Files (x86)\Microsoft SQL Server\160\Tools\Binn\;C:\Program Files\Microsoft SQL Server\160\Tools\Binn\;C:\Program Files\Microsoft SQL Server\Client SDK\ODBC\170\Tools\Binn\;C:\Program Files\Microsoft SQL Server\160\DTS\Binn\;C:\Program Files (x86)\Microsoft SQL Server\160\DTS\Binn\;C:\Program Files\Azure Data Studio\bin;C:\Program Files\nodejs\;C:\ProgramData\chocolatey\bin;C:\Program Files\Calibre2\;C:\Program Files\Docker\Docker\resources\bin;C:\Users\dell\scoop\shims;C:\dev\flutter\bin;C:\Users\dell\AppData\Local\Programs\Python\Python310\Scripts\;C:\Users\dell\AppData\Local\Programs\Python\Python310\;C:\Wincupl\WINCUPL\EXE;C:\Wincupl\WINCUPL\FITTERS;C:\Users\dell\AppData\Local\Programs\Microsoft VS Code\bin;C:\Users\dell\AppData\Local\gitkraken\bin;C:\Users\dell\AppData\Local\JetBrains\Toolbox\scripts;C:\Program Files\Java\jdk-17\bin;C:\apache-maven-3.9.9\bin;C:\Users\dell\AppData\Roaming\npm
USERNAME=dell
OS=Windows_NT
PROCESSOR_IDENTIFIER=Intel64 Family 6 Model 165 Stepping 2, GenuineIntel



---------------  S Y S T E M  ---------------

OS:
 Windows 10 , 64 bit Build 19041 (10.0.19041.5678)
OS uptime: 0 days 9:56 hours
Hyper-V role detected

CPU: total 12 (initial active 12) (6 cores per cpu, 2 threads per core) family 6 model 165 stepping 2 microcode 0xfc, cx8, cmov, fxsr, ht, mmx, 3dnowpref, sse, sse2, sse3, ssse3, sse4.1, sse4.2, popcnt, lzcnt, tsc, tscinvbit, avx, avx2, aes, erms, clmul, bmi1, bmi2, adx, fma, vzeroupper, clflush, clflushopt, hv

Memory: 4k page, system-wide physical 16177M (2251M free)
TotalPageFile size 24698M (AvailPageFile size 257M)
current process WorkingSet (physical memory assigned to process): 10M, peak: 10M
current process commit charge ("private bytes"): 64M, peak: 318M

vm_info: Java HotSpot(TM) 64-Bit Server VM (17.0.12+8-LTS-286) for windows-amd64 JRE (17.0.12+8-LTS-286), built on Jun  5 2024 06:46:59 by "mach5one" with MS VC++ 17.6 (VS2022)

END.
